2016/04/04 11:42:06 [error] [exception.CHttpException.404] exception 'CHttpException' with message '无法解析请求 "assets/layer/skin/layer.css"。' in F:\www\rajk120\framework\web\CWebApplication.php:286
Stack trace:
#0 F:\www\rajk120\framework\web\CWebApplication.php(141): CWebApplication->runController('assets/layer/sk...')
#1 F:\www\rajk120\framework\base\CApplication.php(169): CWebApplication->processRequest()
#2 F:\www\rajk120\index.php(13): CApplication->run()
#3 {main}
REQUEST_URI=/assets/layer/skin/layer.css
HTTP_REFERER=http://sd.com/backyard/membercenter/membeDetailInfos/uid/312.html
---
2016/04/04 11:42:54 [error] [exception.CHttpException.404] exception 'CHttpException' with message '无法解析请求 "assets/img/select.png"。' in F:\www\rajk120\framework\web\CWebApplication.php:286
Stack trace:
#0 F:\www\rajk120\framework\web\CWebApplication.php(141): CWebApplication->runController('assets/img/sele...')
#1 F:\www\rajk120\framework\base\CApplication.php(169): CWebApplication->processRequest()
#2 F:\www\rajk120\index.php(13): CApplication->run()
#3 {main}
REQUEST_URI=/assets/img/select.png
HTTP_REFERER=http://sd.com/assets/css/style.min.css
---
2016/04/04 11:42:54 [error] [exception.CHttpException.404] exception 'CHttpException' with message '无法解析请求 "assets/layer/skin/layer.css"。' in F:\www\rajk120\framework\web\CWebApplication.php:286
Stack trace:
#0 F:\www\rajk120\framework\web\CWebApplication.php(141): CWebApplication->runController('assets/layer/sk...')
#1 F:\www\rajk120\framework\base\CApplication.php(169): CWebApplication->processRequest()
#2 F:\www\rajk120\index.php(13): CApplication->run()
#3 {main}
REQUEST_URI=/assets/layer/skin/layer.css
HTTP_REFERER=http://sd.com/backyard/membercenter/membeDetailInfos/uid/312.html
---
2016/04/04 11:43:20 [error] [exception.CHttpException.404] exception 'CHttpException' with message '无法解析请求 "assets/img/select.png"。' in F:\www\rajk120\framework\web\CWebApplication.php:286
Stack trace:
#0 F:\www\rajk120\framework\web\CWebApplication.php(141): CWebApplication->runController('assets/img/sele...')
#1 F:\www\rajk120\framework\base\CApplication.php(169): CWebApplication->processRequest()
#2 F:\www\rajk120\index.php(13): CApplication->run()
#3 {main}
REQUEST_URI=/assets/img/select.png
HTTP_REFERER=http://sd.com/assets/css/style.min.css
---
2016/04/04 11:43:21 [error] [exception.CHttpException.404] exception 'CHttpException' with message '无法解析请求 "assets/layer/skin/layer.css"。' in F:\www\rajk120\framework\web\CWebApplication.php:286
Stack trace:
#0 F:\www\rajk120\framework\web\CWebApplication.php(141): CWebApplication->runController('assets/layer/sk...')
#1 F:\www\rajk120\framework\base\CApplication.php(169): CWebApplication->processRequest()
#2 F:\www\rajk120\index.php(13): CApplication->run()
#3 {main}
REQUEST_URI=/assets/layer/skin/layer.css
HTTP_REFERER=http://sd.com/backyard/membercenter/membeDetailInfos/uid/312.html
---
2016/04/04 11:43:51 [error] [exception.CHttpException.404] exception 'CHttpException' with message '无法解析请求 "assets/img/select.png"。' in F:\www\rajk120\framework\web\CWebApplication.php:286
Stack trace:
#0 F:\www\rajk120\framework\web\CWebApplication.php(141): CWebApplication->runController('assets/img/sele...')
#1 F:\www\rajk120\framework\base\CApplication.php(169): CWebApplication->processRequest()
#2 F:\www\rajk120\index.php(13): CApplication->run()
#3 {main}
REQUEST_URI=/assets/img/select.png
HTTP_REFERER=http://sd.com/assets/css/style.min.css
---
2016/04/04 11:43:51 [error] [exception.CHttpException.404] exception 'CHttpException' with message '无法解析请求 "assets/layer/skin/layer.css"。' in F:\www\rajk120\framework\web\CWebApplication.php:286
Stack trace:
#0 F:\www\rajk120\framework\web\CWebApplication.php(141): CWebApplication->runController('assets/layer/sk...')
#1 F:\www\rajk120\framework\base\CApplication.php(169): CWebApplication->processRequest()
#2 F:\www\rajk120\index.php(13): CApplication->run()
#3 {main}
REQUEST_URI=/assets/layer/skin/layer.css
HTTP_REFERER=http://sd.com/backyard/membercenter/membeDetailInfos/uid/312.html
---
2016/04/04 11:49:44 [error] [exception.CHttpException.404] exception 'CHttpException' with message '无法解析请求 "assets/img/select.png"。' in F:\www\rajk120\framework\web\CWebApplication.php:286
Stack trace:
#0 F:\www\rajk120\framework\web\CWebApplication.php(141): CWebApplication->runController('assets/img/sele...')
#1 F:\www\rajk120\framework\base\CApplication.php(169): CWebApplication->processRequest()
#2 F:\www\rajk120\index.php(13): CApplication->run()
#3 {main}
REQUEST_URI=/assets/img/select.png
HTTP_REFERER=http://sd.com/assets/css/style.min.css
---
2016/04/04 11:49:45 [error] [exception.CHttpException.404] exception 'CHttpException' with message '无法解析请求 "assets/layer/skin/layer.css"。' in F:\www\rajk120\framework\web\CWebApplication.php:286
Stack trace:
#0 F:\www\rajk120\framework\web\CWebApplication.php(141): CWebApplication->runController('assets/layer/sk...')
#1 F:\www\rajk120\framework\base\CApplication.php(169): CWebApplication->processRequest()
#2 F:\www\rajk120\index.php(13): CApplication->run()
#3 {main}
REQUEST_URI=/assets/layer/skin/layer.css
HTTP_REFERER=http://sd.com/backyard/membercenter/membeDetailInfos/uid/312.html
---
